<?xml version="1.0" encoding="UTF-8"?>
<testng-results skipped="0" failed="1" ignored="0" total="3" passed="2">
  <reporter-output>
  </reporter-output>
  <suite name="Default suite" duration-ms="101531" started-at="2019-03-25T13:40:41Z" finished-at="2019-03-25T13:42:22Z">
    <groups>
    </groups>
    <test name="Default test" duration-ms="101531" started-at="2019-03-25T13:40:41Z" finished-at="2019-03-25T13:42:22Z">
      <class name="com.test.pkg.Maven_Simple_Class">
        <test-method status="PASS" signature="openBrowser()[pri:0, instance:com.test.pkg.Maven_Simple_Class@ae45eb6]" name="openBrowser" is-config="true" duration-ms="26108" started-at="2019-03-25T13:40:15Z" finished-at="2019-03-25T13:40:41Z">
          <reporter-output>
          </reporter-output>
        </test-method> <!-- openBrowser -->
        <test-method status="PASS" signature="enterApplicationURL()[pri:0, instance:com.test.pkg.Maven_Simple_Class@ae45eb6]" name="enterApplicationURL" is-config="true" duration-ms="5697" started-at="2019-03-25T13:40:41Z" finished-at="2019-03-25T13:40:46Z">
          <reporter-output>
          </reporter-output>
        </test-method> <!-- enterApplicationURL -->
        <test-method status="PASS" signature="maximizeWindow()[pri:0, instance:com.test.pkg.Maven_Simple_Class@ae45eb6]" name="maximizeWindow" is-config="true" duration-ms="1328" started-at="2019-03-25T13:40:47Z" finished-at="2019-03-25T13:40:48Z">
          <reporter-output>
          </reporter-output>
        </test-method> <!-- maximizeWindow -->
        <test-method status="PASS" signature="getAllCookie()[pri:0, instance:com.test.pkg.Maven_Simple_Class@ae45eb6]" name="getAllCookie" is-config="true" duration-ms="196" started-at="2019-03-25T13:40:48Z" finished-at="2019-03-25T13:40:48Z">
          <reporter-output>
          </reporter-output>
        </test-method> <!-- getAllCookie -->
        <test-method status="PASS" signature="loginValidDetails()[pri:1, instance:com.test.pkg.Maven_Simple_Class@ae45eb6]" name="loginValidDetails" duration-ms="30701" started-at="2019-03-25T13:40:48Z" description="valid user 1 enter the mercury tours application successfully" finished-at="2019-03-25T13:41:19Z">
          <reporter-output>
          </reporter-output>
        </test-method> <!-- loginValidDetails -->
        <test-method status="PASS" signature="captureScreenshot(org.testng.ITestResult)[pri:0, instance:com.test.pkg.Maven_Simple_Class@ae45eb6]" name="captureScreenshot" is-config="true" duration-ms="72" started-at="2019-03-25T13:41:19Z" finished-at="2019-03-25T13:41:19Z">
          <params>
            <param index="0">
              <value>
                <![CDATA[[TestResult name=loginValidDetails status=SUCCESS method=Maven_Simple_Class.loginValidDetails()[pri:1, instance:com.test.pkg.Maven_Simple_Class@ae45eb6] output={null}]]]>
              </value>
            </param>
          </params>
          <reporter-output>
          </reporter-output>
        </test-method> <!-- captureScreenshot -->
        <test-method status="PASS" signature="getAllCookie()[pri:0, instance:com.test.pkg.Maven_Simple_Class@ae45eb6]" name="getAllCookie" is-config="true" duration-ms="33" started-at="2019-03-25T13:41:19Z" finished-at="2019-03-25T13:41:19Z">
          <reporter-output>
          </reporter-output>
        </test-method> <!-- getAllCookie -->
        <test-method status="PASS" signature="loginValidDetails1()[pri:2, instance:com.test.pkg.Maven_Simple_Class@ae45eb6]" name="loginValidDetails1" duration-ms="60373" started-at="2019-03-25T13:41:19Z" description="valid user 2 enter the mercury tours application successfully" finished-at="2019-03-25T13:42:19Z">
          <reporter-output>
          </reporter-output>
        </test-method> <!-- loginValidDetails1 -->
        <test-method status="PASS" signature="captureScreenshot(org.testng.ITestResult)[pri:0, instance:com.test.pkg.Maven_Simple_Class@ae45eb6]" name="captureScreenshot" is-config="true" duration-ms="0" started-at="2019-03-25T13:42:19Z" finished-at="2019-03-25T13:42:19Z">
          <params>
            <param index="0">
              <value>
                <![CDATA[[TestResult name=loginValidDetails1 status=SUCCESS method=Maven_Simple_Class.loginValidDetails1()[pri:2, instance:com.test.pkg.Maven_Simple_Class@ae45eb6] output={null}]]]>
              </value>
            </param>
          </params>
          <reporter-output>
          </reporter-output>
        </test-method> <!-- captureScreenshot -->
        <test-method status="PASS" signature="getAllCookie()[pri:0, instance:com.test.pkg.Maven_Simple_Class@ae45eb6]" name="getAllCookie" is-config="true" duration-ms="9" started-at="2019-03-25T13:42:19Z" finished-at="2019-03-25T13:42:19Z">
          <reporter-output>
          </reporter-output>
        </test-method> <!-- getAllCookie -->
        <test-method status="FAIL" signature="logininValidDetails()[pri:3, instance:com.test.pkg.Maven_Simple_Class@ae45eb6]" name="logininValidDetails" duration-ms="2051" started-at="2019-03-25T13:42:19Z" description="invalid user 3 does not enter the mercury tours application successfully" finished-at="2019-03-25T13:42:21Z">
          <exception class="org.openqa.selenium.NoSuchElementException">
            <message>
              <![CDATA[no such element: Unable to locate element: {"method":"css selector","selector":"img[src='/images/masts/mast_flightfinder.gif']"}
  (Session info: chrome=73.0.3683.86)
  (Driver info: chromedriver=2.36.540470 (e522d04694c7ebea4ba8821272dbef4f9b818c91),platform=Windows NT 10.0.17134 x86_64) (WARNING: The server did not provide any stacktrace information)
Command duration or timeout: 0 milliseconds
For documentation on this error, please visit: http://seleniumhq.org/exceptions/no_such_element.html
Build info: version: '3.14.0', revision: 'aacccce0', time: '2018-08-02T20:19:58.91Z'
System info: host: 'DESKTOP-VHCMS63', ip: '192.168.0.103', os.name: 'Windows 10', os.arch: 'amd64', os.version: '10.0', java.version: '1.8.0_111'
Driver info: org.openqa.selenium.chrome.ChromeDriver
Capabilities {acceptInsecureCerts: false, acceptSslCerts: false, applicationCacheEnabled: false, browserConnectionEnabled: false, browserName: chrome, chrome: {chromedriverVersion: 2.36.540470 (e522d04694c7eb..., userDataDir: C:\Users\Win10\AppData\Loca...}, cssSelectorsEnabled: true, databaseEnabled: false, handlesAlerts: true, hasTouchScreen: false, javascriptEnabled: true, locationContextEnabled: true, mobileEmulationEnabled: false, nativeEvents: true, networkConnectionEnabled: false, pageLoadStrategy: normal, platform: XP, platformName: XP, rotatable: false, setWindowRect: true, takesHeapSnapshot: true, takesScreenshot: true, unexpectedAlertBehaviour: , unhandledPromptBehavior: , version: 73.0.3683.86, webStorageEnabled: true}
Session ID: c41ced0dca49af782c1c2c3170d5ad2b
*** Element info: {Using=css selector, value=img[src='/images/masts/mast_flightfinder.gif']}]]>
            </message>
            <full-stacktrace>
              <![CDATA[org.openqa.selenium.NoSuchElementException: no such element: Unable to locate element: {"method":"css selector","selector":"img[src='/images/masts/mast_flightfinder.gif']"}
  (Session info: chrome=73.0.3683.86)
  (Driver info: chromedriver=2.36.540470 (e522d04694c7ebea4ba8821272dbef4f9b818c91),platform=Windows NT 10.0.17134 x86_64) (WARNING: The server did not provide any stacktrace information)
Command duration or timeout: 0 milliseconds
For documentation on this error, please visit: http://seleniumhq.org/exceptions/no_such_element.html
Build info: version: '3.14.0', revision: 'aacccce0', time: '2018-08-02T20:19:58.91Z'
System info: host: 'DESKTOP-VHCMS63', ip: '192.168.0.103', os.name: 'Windows 10', os.arch: 'amd64', os.version: '10.0', java.version: '1.8.0_111'
Driver info: org.openqa.selenium.chrome.ChromeDriver
Capabilities {acceptInsecureCerts: false, acceptSslCerts: false, applicationCacheEnabled: false, browserConnectionEnabled: false, browserName: chrome, chrome: {chromedriverVersion: 2.36.540470 (e522d04694c7eb..., userDataDir: C:\Users\Win10\AppData\Loca...}, cssSelectorsEnabled: true, databaseEnabled: false, handlesAlerts: true, hasTouchScreen: false, javascriptEnabled: true, locationContextEnabled: true, mobileEmulationEnabled: false, nativeEvents: true, networkConnectionEnabled: false, pageLoadStrategy: normal, platform: XP, platformName: XP, rotatable: false, setWindowRect: true, takesHeapSnapshot: true, takesScreenshot: true, unexpectedAlertBehaviour: , unhandledPromptBehavior: , version: 73.0.3683.86, webStorageEnabled: true}
Session ID: c41ced0dca49af782c1c2c3170d5ad2b
*** Element info: {Using=css selector, value=img[src='/images/masts/mast_flightfinder.gif']}
at sun.reflect.NativeConstructorAccessorImpl.newInstance0(Native Method)
at sun.reflect.NativeConstructorAccessorImpl.newInstance(NativeConstructorAccessorImpl.java:62)
at sun.reflect.DelegatingConstructorAccessorImpl.newInstance(DelegatingConstructorAccessorImpl.java:45)
at java.lang.reflect.Constructor.newInstance(Constructor.java:423)
at org.openqa.selenium.remote.ErrorHandler.createThrowable(ErrorHandler.java:214)
at org.openqa.selenium.remote.ErrorHandler.throwIfResponseFailed(ErrorHandler.java:166)
at org.openqa.selenium.remote.http.JsonHttpResponseCodec.reconstructValue(JsonHttpResponseCodec.java:40)
at org.openqa.selenium.remote.http.AbstractHttpResponseCodec.decode(AbstractHttpResponseCodec.java:80)
at org.openqa.selenium.remote.http.AbstractHttpResponseCodec.decode(AbstractHttpResponseCodec.java:44)
at org.openqa.selenium.remote.HttpCommandExecutor.execute(HttpCommandExecutor.java:158)
at org.openqa.selenium.remote.service.DriverCommandExecutor.execute(DriverCommandExecutor.java:83)
at org.openqa.selenium.remote.RemoteWebDriver.execute(RemoteWebDriver.java:548)
at org.openqa.selenium.remote.RemoteWebDriver.findElement(RemoteWebDriver.java:322)
at org.openqa.selenium.remote.RemoteWebDriver.findElementByCssSelector(RemoteWebDriver.java:416)
at org.openqa.selenium.By$ByCssSelector.findElement(By.java:431)
at org.openqa.selenium.remote.RemoteWebDriver.findElement(RemoteWebDriver.java:314)
at com.test.pkg.Maven_Simple_Class.logininValidDetails(Maven_Simple_Class.java:74)
at sun.reflect.NativeMethodAccessorImpl.invoke0(Native Method)
at sun.reflect.NativeMethodAccessorImpl.invoke(NativeMethodAccessorImpl.java:62)
at sun.reflect.DelegatingMethodAccessorImpl.invoke(DelegatingMethodAccessorImpl.java:43)
at java.lang.reflect.Method.invoke(Method.java:498)
at org.testng.internal.MethodInvocationHelper.invokeMethod(MethodInvocationHelper.java:124)
at org.testng.internal.Invoker.invokeMethod(Invoker.java:580)
at org.testng.internal.Invoker.invokeTestMethod(Invoker.java:716)
at org.testng.internal.Invoker.invokeTestMethods(Invoker.java:988)
at org.testng.internal.TestMethodWorker.invokeTestMethods(TestMethodWorker.java:125)
at org.testng.internal.TestMethodWorker.run(TestMethodWorker.java:109)
at org.testng.TestRunner.privateRun(TestRunner.java:648)
at org.testng.TestRunner.run(TestRunner.java:505)
at org.testng.SuiteRunner.runTest(SuiteRunner.java:455)
at org.testng.SuiteRunner.runSequentially(SuiteRunner.java:450)
at org.testng.SuiteRunner.privateRun(SuiteRunner.java:415)
at org.testng.SuiteRunner.run(SuiteRunner.java:364)
at org.testng.SuiteRunnerWorker.runSuite(SuiteRunnerWorker.java:52)
at org.testng.SuiteRunnerWorker.run(SuiteRunnerWorker.java:84)
at org.testng.TestNG.runSuitesSequentially(TestNG.java:1208)
at org.testng.TestNG.runSuitesLocally(TestNG.java:1137)
at org.testng.TestNG.runSuites(TestNG.java:1049)
at org.testng.TestNG.run(TestNG.java:1017)
at org.testng.remote.AbstractRemoteTestNG.run(AbstractRemoteTestNG.java:114)
at org.testng.remote.RemoteTestNG.initAndRun(RemoteTestNG.java:251)
at org.testng.remote.RemoteTestNG.main(RemoteTestNG.java:77)
]]>
            </full-stacktrace>
          </exception> <!-- org.openqa.selenium.NoSuchElementException -->
          <reporter-output>
          </reporter-output>
        </test-method> <!-- logininValidDetails -->
        <test-method status="PASS" signature="captureScreenshot(org.testng.ITestResult)[pri:0, instance:com.test.pkg.Maven_Simple_Class@ae45eb6]" name="captureScreenshot" is-config="true" duration-ms="846" started-at="2019-03-25T13:42:21Z" finished-at="2019-03-25T13:42:22Z">
          <params>
            <param index="0">
              <value>
                <![CDATA[[TestResult name=logininValidDetails status=FAILURE method=Maven_Simple_Class.logininValidDetails()[pri:3, instance:com.test.pkg.Maven_Simple_Class@ae45eb6] output={null}]]]>
              </value>
            </param>
          </params>
          <reporter-output>
          </reporter-output>
        </test-method> <!-- captureScreenshot -->
        <test-method status="PASS" signature="deleteAllCookie()[pri:0, instance:com.test.pkg.Maven_Simple_Class@ae45eb6]" name="deleteAllCookie" is-config="true" duration-ms="0" started-at="2019-03-25T13:42:22Z" finished-at="2019-03-25T13:42:22Z">
          <reporter-output>
          </reporter-output>
        </test-method> <!-- deleteAllCookie -->
        <test-method status="PASS" signature="dbConnectionClose()[pri:0, instance:com.test.pkg.Maven_Simple_Class@ae45eb6]" name="dbConnectionClose" is-config="true" duration-ms="9" started-at="2019-03-25T13:42:22Z" finished-at="2019-03-25T13:42:22Z">
          <reporter-output>
          </reporter-output>
        </test-method> <!-- dbConnectionClose -->
        <test-method status="PASS" signature="close()[pri:0, instance:com.test.pkg.Maven_Simple_Class@ae45eb6]" name="close" is-config="true" duration-ms="342" started-at="2019-03-25T13:42:23Z" finished-at="2019-03-25T13:42:23Z">
          <reporter-output>
          </reporter-output>
        </test-method> <!-- close -->
      </class> <!-- com.test.pkg.Maven_Simple_Class -->
    </test> <!-- Default test -->
  </suite> <!-- Default suite -->
</testng-results>
